<?xml version="1.0" encoding="UTF-8" ?>
<testsuite tests="9" failures="0" name="net.EsLiceu.numbers.BigNumberTest" time="1.066" errors="0" skipped="3">
  <properties>
[...]
</properties>
  <testcase classname="net.EsLiceu.numbers.BigNumberTest" name="potencies" time="0.127"/>
  <testcase classname="net.EsLiceu.numbers.BigNumberTest" name="divisions" time="0.128">
    <skipped/>
  </testcase>
  <testcase classname="net.EsLiceu.numbers.BigNumberTest" name="arrels" time="0.128">
    <skipped/>
  </testcase>
  <testcase classname="net.EsLiceu.numbers.BigNumberTest" name="restes" time="0.002"/>
  <testcase classname="net.EsLiceu.numbers.BigNumberTest" name="multiplicacions" time="0.007"/>
  <testcase classname="net.EsLiceu.numbers.BigNumberTest" name="mcd" time="0.008">
    <skipped/>
  </testcase>
  <testcase classname="net.EsLiceu.numbers.BigNumberTest" name="comparacions" time="0"/>
  <testcase classname="net.EsLiceu.numbers.BigNumberTest" name="sumes" time="0.001"/>
  <testcase classname="net.EsLiceu.numbers.BigNumberTest" name="factorials" time="0.665"/>
</testsuite>